<?xml version="1.0" encoding="UTF-8"?>
<coverage generated="1679007294671" clover="3.2.0">
  <project timestamp="1679007294672" name="All files">
    <metrics statements="41" coveredstatements="41" conditionals="18" coveredconditionals="18" methods="14" coveredmethods="14" elements="73" coveredelements="73" complexity="0" loc="41" ncloc="41" packages="1" files="7" classes="7"/>
    <file name="Contestant.tsx" path="/home/johnr/code/github/corrib/example/src/MathQuiz/Contestant.tsx">
      <metrics statements="5" coveredstatements="5" conditionals="2" coveredconditionals="2" methods="1" coveredmethods="1"/>
      <line num="6" count="2" type="stmt"/>
      <line num="7" count="10" type="stmt"/>
      <line num="8" count="10" type="stmt"/>
      <line num="9" count="10" type="stmt"/>
      <line num="11" count="10" type="stmt"/>
    </file>
    <file name="CorrectAnswerTracker.tsx" path="/home/johnr/code/github/corrib/example/src/MathQuiz/CorrectAnswerTracker.tsx">
      <metrics statements="3" coveredstatements="3" conditionals="0" coveredconditionals="0" methods="1" coveredmethods="1"/>
      <line num="5" count="2" type="stmt"/>
      <line num="6" count="6" type="stmt"/>
      <line num="8" count="6" type="stmt"/>
    </file>
    <file name="IncorrectAnswerTracker.tsx" path="/home/johnr/code/github/corrib/example/src/MathQuiz/IncorrectAnswerTracker.tsx">
      <metrics statements="3" coveredstatements="3" conditionals="0" coveredconditionals="0" methods="1" coveredmethods="1"/>
      <line num="5" count="2" type="stmt"/>
      <line num="6" count="6" type="stmt"/>
      <line num="8" count="6" type="stmt"/>
    </file>
    <file name="MathQuiz.tsx" path="/home/johnr/code/github/corrib/example/src/MathQuiz/MathQuiz.tsx">
      <metrics statements="2" coveredstatements="2" conditionals="0" coveredconditionals="0" methods="1" coveredmethods="1"/>
      <line num="11" count="1" type="stmt"/>
      <line num="12" count="3" type="stmt"/>
    </file>
    <file name="QuizMaster.tsx" path="/home/johnr/code/github/corrib/example/src/MathQuiz/QuizMaster.tsx">
      <metrics statements="8" coveredstatements="8" conditionals="10" coveredconditionals="10" methods="1" coveredmethods="1"/>
      <line num="5" count="2" type="stmt"/>
      <line num="12" count="10" type="stmt"/>
      <line num="14" count="10" type="stmt"/>
      <line num="16" count="10" type="stmt"/>
      <line num="17" count="10" type="stmt"/>
      <line num="18" count="10" type="stmt"/>
      <line num="19" count="10" type="stmt"/>
      <line num="21" count="10" type="stmt"/>
    </file>
    <file name="abstractBrain.ts" path="/home/johnr/code/github/corrib/example/src/MathQuiz/abstractBrain.ts">
      <metrics statements="12" coveredstatements="12" conditionals="2" coveredconditionals="2" methods="6" coveredmethods="6"/>
      <line num="25" count="6" type="stmt"/>
      <line num="32" count="3" type="stmt"/>
      <line num="36" count="2" type="stmt"/>
      <line num="37" count="2" type="stmt"/>
      <line num="38" count="2" type="stmt"/>
      <line num="39" count="2" type="cond" truecount="2" falsecount="0"/>
      <line num="40" count="1" type="stmt"/>
      <line num="46" count="1" type="stmt"/>
      <line num="55" count="9" type="stmt"/>
      <line num="63" count="18" type="stmt"/>
      <line num="64" count="18" type="stmt"/>
      <line num="65" count="18" type="stmt"/>
    </file>
    <file name="contestant.ts" path="/home/johnr/code/github/corrib/example/src/MathQuiz/contestant.ts">
      <metrics statements="8" coveredstatements="8" conditionals="4" coveredconditionals="4" methods="3" coveredmethods="3"/>
      <line num="9" count="3" type="stmt"/>
      <line num="15" count="3" type="stmt"/>
      <line num="19" count="8" type="cond" truecount="2" falsecount="0"/>
      <line num="23" count="8" type="stmt"/>
      <line num="24" count="8" type="stmt"/>
      <line num="27" count="8" type="cond" truecount="2" falsecount="0"/>
      <line num="28" count="3" type="stmt"/>
      <line num="29" count="3" type="stmt"/>
    </file>
  </project>
</coverage>
