{"/home/johnr/code/github/corrib/example/src/MathQuiz/Contestant.tsx": {"path":"/home/johnr/code/github/corrib/example/src/MathQuiz/Contestant.tsx","statementMap":{"0":{"start":{"line":6,"column":26},"end":{"line":41,"column":1}},"1":{"start":{"line":7,"column":21},"end":{"line":7,"column":41}},"2":{"start":{"line":8,"column":27},"end":{"line":8,"column":49}},"3":{"start":{"line":9,"column":18},"end":{"line":9,"column":49}},"4":{"start":{"line":11,"column":2},"end":{"line":40,"column":4}}},"fnMap":{"0":{"name":"(anonymous_0)","decl":{"start":{"line":6,"column":26},"end":{"line":6,"column":27}},"loc":{"start":{"line":6,"column":32},"end":{"line":41,"column":1}},"line":6}},"branchMap":{"0":{"loc":{"start":{"line":28,"column":9},"end":{"line":32,"column":9}},"type":"binary-expr","locations":[{"start":{"line":28,"column":9},"end":{"line":28,"column":15}},{"start":{"line":29,"column":10},"end":{"line":31,"column":17}}],"line":28}},"s":{"0":2,"1":10,"2":10,"3":10,"4":10},"f":{"0":10},"b":{"0":[10,1]},"_coverageSchema":"1a1c01bbd47fc00a2c39e90264f33305004495a9","hash":"dd1385fb490d9521f7e4748f5f7684dbbf0a05d6"}
,"/home/johnr/code/github/corrib/example/src/MathQuiz/CorrectAnswerTracker.tsx": {"path":"/home/johnr/code/github/corrib/example/src/MathQuiz/CorrectAnswerTracker.tsx","statementMap":{"0":{"start":{"line":5,"column":36},"end":{"line":19,"column":1}},"1":{"start":{"line":6,"column":27},"end":{"line":6,"column":47}},"2":{"start":{"line":8,"column":2},"end":{"line":18,"column":4}}},"fnMap":{"0":{"name":"(anonymous_0)","decl":{"start":{"line":5,"column":36},"end":{"line":5,"column":37}},"loc":{"start":{"line":5,"column":42},"end":{"line":19,"column":1}},"line":5}},"branchMap":{},"s":{"0":2,"1":6,"2":6},"f":{"0":6},"b":{},"_coverageSchema":"1a1c01bbd47fc00a2c39e90264f33305004495a9","hash":"e17b2f5f68b2704b2e57465166d5e064b7e71282"}
,"/home/johnr/code/github/corrib/example/src/MathQuiz/IncorrectAnswerTracker.tsx": {"path":"/home/johnr/code/github/corrib/example/src/MathQuiz/IncorrectAnswerTracker.tsx","statementMap":{"0":{"start":{"line":5,"column":38},"end":{"line":19,"column":1}},"1":{"start":{"line":6,"column":29},"end":{"line":6,"column":49}},"2":{"start":{"line":8,"column":2},"end":{"line":18,"column":4}}},"fnMap":{"0":{"name":"(anonymous_0)","decl":{"start":{"line":5,"column":38},"end":{"line":5,"column":39}},"loc":{"start":{"line":5,"column":44},"end":{"line":19,"column":1}},"line":5}},"branchMap":{},"s":{"0":2,"1":6,"2":6},"f":{"0":6},"b":{},"_coverageSchema":"1a1c01bbd47fc00a2c39e90264f33305004495a9","hash":"cc252bf97c6a867d485bea2b72f092ad362b566f"}
,"/home/johnr/code/github/corrib/example/src/MathQuiz/MathQuiz.tsx": {"path":"/home/johnr/code/github/corrib/example/src/MathQuiz/MathQuiz.tsx","statementMap":{"0":{"start":{"line":11,"column":24},"end":{"line":40,"column":1}},"1":{"start":{"line":12,"column":2},"end":{"line":39,"column":4}}},"fnMap":{"0":{"name":"(anonymous_0)","decl":{"start":{"line":11,"column":24},"end":{"line":11,"column":25}},"loc":{"start":{"line":11,"column":30},"end":{"line":40,"column":1}},"line":11}},"branchMap":{},"s":{"0":1,"1":3},"f":{"0":3},"b":{},"_coverageSchema":"1a1c01bbd47fc00a2c39e90264f33305004495a9","hash":"1740382cd6348654866642af175726d86ccfae2f"}
,"/home/johnr/code/github/corrib/example/src/MathQuiz/QuizMaster.tsx": {"path":"/home/johnr/code/github/corrib/example/src/MathQuiz/QuizMaster.tsx","statementMap":{"0":{"start":{"line":5,"column":26},"end":{"line":54,"column":1}},"1":{"start":{"line":12,"column":6},"end":{"line":12,"column":26}},"2":{"start":{"line":14,"column":26},"end":{"line":14,"column":59}},"3":{"start":{"line":16,"column":16},"end":{"line":16,"column":47}},"4":{"start":{"line":17,"column":18},"end":{"line":17,"column":61}},"5":{"start":{"line":18,"column":20},"end":{"line":18,"column":65}},"6":{"start":{"line":19,"column":24},"end":{"line":19,"column":53}},"7":{"start":{"line":21,"column":2},"end":{"line":53,"column":4}}},"fnMap":{"0":{"name":"(anonymous_0)","decl":{"start":{"line":5,"column":26},"end":{"line":5,"column":27}},"loc":{"start":{"line":5,"column":32},"end":{"line":54,"column":1}},"line":5}},"branchMap":{"0":{"loc":{"start":{"line":28,"column":9},"end":{"line":32,"column":9}},"type":"binary-expr","locations":[{"start":{"line":28,"column":9},"end":{"line":28,"column":14}},{"start":{"line":29,"column":10},"end":{"line":31,"column":13}}],"line":28},"1":{"loc":{"start":{"line":33,"column":9},"end":{"line":33,"column":75}},"type":"binary-expr","locations":[{"start":{"line":33,"column":9},"end":{"line":33,"column":16}},{"start":{"line":33,"column":20},"end":{"line":33,"column":75}}],"line":33},"2":{"loc":{"start":{"line":34,"column":9},"end":{"line":38,"column":9}},"type":"binary-expr","locations":[{"start":{"line":34,"column":9},"end":{"line":34,"column":18}},{"start":{"line":35,"column":10},"end":{"line":37,"column":17}}],"line":34},"3":{"loc":{"start":{"line":41,"column":9},"end":{"line":45,"column":9}},"type":"binary-expr","locations":[{"start":{"line":41,"column":9},"end":{"line":41,"column":14}},{"start":{"line":42,"column":10},"end":{"line":44,"column":17}}],"line":41},"4":{"loc":{"start":{"line":46,"column":9},"end":{"line":50,"column":9}},"type":"binary-expr","locations":[{"start":{"line":46,"column":9},"end":{"line":46,"column":15}},{"start":{"line":47,"column":10},"end":{"line":49,"column":19}}],"line":46}},"s":{"0":2,"1":10,"2":10,"3":10,"4":10,"5":10,"6":10,"7":10},"f":{"0":10},"b":{"0":[10,5],"1":[10,2],"2":[10,3],"3":[10,5],"4":[10,5]},"_coverageSchema":"1a1c01bbd47fc00a2c39e90264f33305004495a9","hash":"e9f86d42a7b1056568b6a02bd7e28eb930deb13a"}
,"/home/johnr/code/github/corrib/example/src/MathQuiz/abstractBrain.ts": {"path":"/home/johnr/code/github/corrib/example/src/MathQuiz/abstractBrain.ts","statementMap":{"0":{"start":{"line":25,"column":25},"end":{"line":29,"column":2}},"1":{"start":{"line":32,"column":2},"end":{"line":32,"column":42}},"2":{"start":{"line":36,"column":25},"end":{"line":36,"column":50}},"3":{"start":{"line":37,"column":24},"end":{"line":37,"column":35}},"4":{"start":{"line":38,"column":18},"end":{"line":38,"column":43}},"5":{"start":{"line":39,"column":2},"end":{"line":51,"column":3}},"6":{"start":{"line":40,"column":4},"end":{"line":44,"column":8}},"7":{"start":{"line":40,"column":36},"end":{"line":44,"column":5}},"8":{"start":{"line":46,"column":4},"end":{"line":50,"column":8}},"9":{"start":{"line":46,"column":36},"end":{"line":50,"column":5}},"10":{"start":{"line":55,"column":2},"end":{"line":59,"column":4}},"11":{"start":{"line":63,"column":14},"end":{"line":63,"column":15}},"12":{"start":{"line":64,"column":14},"end":{"line":64,"column":17}},"13":{"start":{"line":65,"column":2},"end":{"line":65,"column":59}}},"fnMap":{"0":{"name":"askQuestion","decl":{"start":{"line":31,"column":16},"end":{"line":31,"column":27}},"loc":{"start":{"line":31,"column":30},"end":{"line":33,"column":1}},"line":31},"1":{"name":"answerQuestion","decl":{"start":{"line":35,"column":16},"end":{"line":35,"column":30}},"loc":{"start":{"line":35,"column":47},"end":{"line":52,"column":1}},"line":35},"2":{"name":"(anonymous_2)","decl":{"start":{"line":40,"column":26},"end":{"line":40,"column":27}},"loc":{"start":{"line":40,"column":36},"end":{"line":44,"column":5}},"line":40},"3":{"name":"(anonymous_3)","decl":{"start":{"line":46,"column":26},"end":{"line":46,"column":27}},"loc":{"start":{"line":46,"column":36},"end":{"line":50,"column":5}},"line":46},"4":{"name":"getNewQuestion","decl":{"start":{"line":54,"column":9},"end":{"line":54,"column":23}},"loc":{"start":{"line":54,"column":40},"end":{"line":60,"column":1}},"line":54},"5":{"name":"getRandomNumber","decl":{"start":{"line":62,"column":9},"end":{"line":62,"column":24}},"loc":{"start":{"line":62,"column":27},"end":{"line":66,"column":1}},"line":62}},"branchMap":{"0":{"loc":{"start":{"line":39,"column":2},"end":{"line":51,"column":3}},"type":"if","locations":[{"start":{"line":39,"column":2},"end":{"line":51,"column":3}},{"start":{"line":45,"column":9},"end":{"line":51,"column":3}}],"line":39}},"s":{"0":6,"1":3,"2":2,"3":2,"4":2,"5":2,"6":1,"7":1,"8":1,"9":1,"10":9,"11":18,"12":18,"13":18},"f":{"0":3,"1":2,"2":1,"3":1,"4":9,"5":18},"b":{"0":[1,1]},"_coverageSchema":"1a1c01bbd47fc00a2c39e90264f33305004495a9","hash":"0fb76f6d1c5e5f93d7068b89519d59b110c67441"}
,"/home/johnr/code/github/corrib/example/src/MathQuiz/contestant.ts": {"path":"/home/johnr/code/github/corrib/example/src/MathQuiz/contestant.ts","statementMap":{"0":{"start":{"line":9,"column":27},"end":{"line":12,"column":2}},"1":{"start":{"line":15,"column":2},"end":{"line":15,"column":66}},"2":{"start":{"line":19,"column":2},"end":{"line":19,"column":65}},"3":{"start":{"line":23,"column":2},"end":{"line":23,"column":21}},"4":{"start":{"line":24,"column":2},"end":{"line":26,"column":5}},"5":{"start":{"line":27,"column":2},"end":{"line":32,"column":3}},"6":{"start":{"line":28,"column":4},"end":{"line":28,"column":45}},"7":{"start":{"line":29,"column":4},"end":{"line":31,"column":7}}},"fnMap":{"0":{"name":"onChange","decl":{"start":{"line":14,"column":16},"end":{"line":14,"column":24}},"loc":{"start":{"line":14,"column":65},"end":{"line":16,"column":1}},"line":14},"1":{"name":"isValid","decl":{"start":{"line":18,"column":9},"end":{"line":18,"column":16}},"loc":{"start":{"line":18,"column":32},"end":{"line":20,"column":1}},"line":18},"2":{"name":"onAnswerFormSubmitted","decl":{"start":{"line":22,"column":16},"end":{"line":22,"column":37}},"loc":{"start":{"line":22,"column":46},"end":{"line":33,"column":1}},"line":22}},"branchMap":{"0":{"loc":{"start":{"line":19,"column":9},"end":{"line":19,"column":64}},"type":"binary-expr","locations":[{"start":{"line":19,"column":9},"end":{"line":19,"column":29}},{"start":{"line":19,"column":33},"end":{"line":19,"column":64}}],"line":19},"1":{"loc":{"start":{"line":27,"column":2},"end":{"line":32,"column":3}},"type":"if","locations":[{"start":{"line":27,"column":2},"end":{"line":32,"column":3}},{"start":{},"end":{}}],"line":27}},"s":{"0":3,"1":3,"2":8,"3":8,"4":8,"5":8,"6":3,"7":3},"f":{"0":3,"1":8,"2":8},"b":{"0":[8,5],"1":[3,5]},"_coverageSchema":"1a1c01bbd47fc00a2c39e90264f33305004495a9","hash":"49454d236b231eb590b096da133d373af8a68f15"}
}
