TN:
SF:src/MathQuiz/Contestant.tsx
FN:6,(anonymous_0)
FNF:1
FNH:1
FNDA:10,(anonymous_0)
DA:6,2
DA:7,10
DA:8,10
DA:9,10
DA:11,10
LF:5
LH:5
BRDA:28,0,0,10
BRDA:28,0,1,1
BRF:2
BRH:2
end_of_record
TN:
SF:src/MathQuiz/CorrectAnswerTracker.tsx
FN:5,(anonymous_0)
FNF:1
FNH:1
FNDA:6,(anonymous_0)
DA:5,2
DA:6,6
DA:8,6
LF:3
LH:3
BRF:0
BRH:0
end_of_record
TN:
SF:src/MathQuiz/IncorrectAnswerTracker.tsx
FN:5,(anonymous_0)
FNF:1
FNH:1
FNDA:6,(anonymous_0)
DA:5,2
DA:6,6
DA:8,6
LF:3
LH:3
BRF:0
BRH:0
end_of_record
TN:
SF:src/MathQuiz/MathQuiz.tsx
FN:11,(anonymous_0)
FNF:1
FNH:1
FNDA:3,(anonymous_0)
DA:11,1
DA:12,3
LF:2
LH:2
BRF:0
BRH:0
end_of_record
TN:
SF:src/MathQuiz/QuizMaster.tsx
FN:5,(anonymous_0)
FNF:1
FNH:1
FNDA:10,(anonymous_0)
DA:5,2
DA:12,10
DA:14,10
DA:16,10
DA:17,10
DA:18,10
DA:19,10
DA:21,10
LF:8
LH:8
BRDA:28,0,0,10
BRDA:28,0,1,5
BRDA:33,1,0,10
BRDA:33,1,1,2
BRDA:34,2,0,10
BRDA:34,2,1,3
BRDA:41,3,0,10
BRDA:41,3,1,5
BRDA:46,4,0,10
BRDA:46,4,1,5
BRF:10
BRH:10
end_of_record
TN:
SF:src/MathQuiz/abstractBrain.ts
FN:31,askQuestion
FN:35,answerQuestion
FN:40,(anonymous_2)
FN:46,(anonymous_3)
FN:54,getNewQuestion
FN:62,getRandomNumber
FNF:6
FNH:6
FNDA:3,askQuestion
FNDA:2,answerQuestion
FNDA:1,(anonymous_2)
FNDA:1,(anonymous_3)
FNDA:9,getNewQuestion
FNDA:18,getRandomNumber
DA:25,6
DA:32,3
DA:36,2
DA:37,2
DA:38,2
DA:39,2
DA:40,1
DA:46,1
DA:55,9
DA:63,18
DA:64,18
DA:65,18
LF:12
LH:12
BRDA:39,0,0,1
BRDA:39,0,1,1
BRF:2
BRH:2
end_of_record
TN:
SF:src/MathQuiz/contestant.ts
FN:14,onChange
FN:18,isValid
FN:22,onAnswerFormSubmitted
FNF:3
FNH:3
FNDA:3,onChange
FNDA:8,isValid
FNDA:8,onAnswerFormSubmitted
DA:9,3
DA:15,3
DA:19,8
DA:23,8
DA:24,8
DA:27,8
DA:28,3
DA:29,3
LF:8
LH:8
BRDA:19,0,0,8
BRDA:19,0,1,5
BRDA:27,1,0,3
BRDA:27,1,1,5
BRF:4
BRH:4
end_of_record
