<?xml version="1.0" encoding="UTF-8"?>
<coverage generated="1678488135617" clover="3.2.0">
  <project timestamp="1678488135618" name="All files">
    <metrics statements="41" coveredstatements="41" conditionals="4" coveredconditionals="4" methods="22" coveredmethods="22" elements="67" coveredelements="67" complexity="0" loc="41" ncloc="41" packages="1" files="2" classes="2"/>
    <file name="index.tsx" path="/home/johnr/code/github/corrib/src/index.tsx">
      <metrics statements="27" coveredstatements="27" conditionals="3" coveredconditionals="3" methods="13" coveredmethods="13"/>
      <line num="1" count="1" type="stmt"/>
      <line num="2" count="1" type="stmt"/>
      <line num="4" count="1" type="stmt"/>
      <line num="5" count="22" type="stmt"/>
      <line num="7" count="22" type="stmt"/>
      <line num="9" count="22" type="stmt"/>
      <line num="12" count="14" type="stmt"/>
      <line num="18" count="11" type="cond" truecount="2" falsecount="0"/>
      <line num="19" count="1" type="stmt"/>
      <line num="21" count="10" type="stmt"/>
      <line num="26" count="99" type="stmt"/>
      <line num="28" count="99" type="stmt"/>
      <line num="29" count="99" type="stmt"/>
      <line num="31" count="99" type="stmt"/>
      <line num="34" count="56" type="stmt"/>
      <line num="38" count="56" type="stmt"/>
      <line num="39" count="56" type="stmt"/>
      <line num="43" count="56" type="stmt"/>
      <line num="45" count="131" type="stmt"/>
      <line num="46" count="131" type="stmt"/>
      <line num="49" count="56" type="stmt"/>
      <line num="54" count="11" type="stmt"/>
      <line num="55" count="11" type="stmt"/>
      <line num="56" count="16" type="cond" truecount="1" falsecount="0"/>
      <line num="57" count="1" type="stmt"/>
      <line num="59" count="15" type="stmt"/>
      <line num="61" count="11" type="stmt"/>
    </file>
    <file name="store.ts" path="/home/johnr/code/github/corrib/src/store.ts">
      <metrics statements="14" coveredstatements="14" conditionals="1" coveredconditionals="1" methods="9" coveredmethods="9"/>
      <line num="1" count="2" type="stmt"/>
      <line num="2" count="27" type="stmt"/>
      <line num="5" count="163" type="cond" truecount="1" falsecount="0"/>
      <line num="6" count="41" type="stmt"/>
      <line num="11" count="139" type="stmt"/>
      <line num="12" count="139" type="stmt"/>
      <line num="16" count="160" type="stmt"/>
      <line num="20" count="16" type="stmt"/>
      <line num="21" count="16" type="stmt"/>
      <line num="22" count="24" type="stmt"/>
      <line num="23" count="24" type="stmt"/>
      <line num="24" count="44" type="stmt"/>
      <line num="26" count="38" type="stmt"/>
      <line num="29" count="27" type="stmt"/>
    </file>
  </project>
</coverage>
