{"/home/johnr/code/github/corrib/src/index.tsx": {"path":"/home/johnr/code/github/corrib/src/index.tsx","statementMap":{"0":{"start":{"line":1,"column":0},"end":{"line":1,"column":53}},"1":{"start":{"line":2,"column":0},"end":{"line":2,"column":40}},"2":{"start":{"line":5,"column":13},"end":{"line":5,"column":36}},"3":{"start":{"line":7,"column":47},"end":{"line":7,"column":62}},"4":{"start":{"line":7,"column":20},"end":{"line":7,"column":22}},"5":{"start":{"line":7,"column":30},"end":{"line":7,"column":32}},"6":{"start":{"line":7,"column":42},"end":{"line":7,"column":47}},"7":{"start":{"line":9,"column":2},"end":{"line":13,"column":4}},"8":{"start":{"line":12,"column":16},"end":{"line":12,"column":null}},"9":{"start":{"line":18,"column":4},"end":{"line":22,"column":null}},"10":{"start":{"line":19,"column":6},"end":{"line":19,"column":32}},"11":{"start":{"line":21,"column":6},"end":{"line":21,"column":25}},"12":{"start":{"line":26,"column":25},"end":{"line":26,"column":36}},"13":{"start":{"line":26,"column":21},"end":{"line":26,"column":25}},"14":{"start":{"line":28,"column":19},"end":{"line":28,"column":48}},"15":{"start":{"line":29,"column":4},"end":{"line":29,"column":38}},"16":{"start":{"line":31,"column":4},"end":{"line":31,"column":39}},"17":{"start":{"line":34,"column":6},"end":{"line":34,"column":40}},"18":{"start":{"line":34,"column":19},"end":{"line":34,"column":40}},"19":{"start":{"line":34,"column":33},"end":{"line":34,"column":39}},"20":{"start":{"line":38,"column":26},"end":{"line":38,"column":32}},"21":{"start":{"line":39,"column":6},"end":{"line":39,"column":43}},"22":{"start":{"line":39,"column":19},"end":{"line":39,"column":43}},"23":{"start":{"line":43,"column":22},"end":{"line":48,"column":8}},"24":{"start":{"line":45,"column":10},"end":{"line":45,"column":37}},"25":{"start":{"line":46,"column":10},"end":{"line":46,"column":34}},"26":{"start":{"line":49,"column":6},"end":{"line":49,"column":39}},"27":{"start":{"line":54,"column":17},"end":{"line":54,"column":37}},"28":{"start":{"line":55,"column":4},"end":{"line":60,"column":7}},"29":{"start":{"line":56,"column":6},"end":{"line":58,"column":null}},"30":{"start":{"line":57,"column":8},"end":{"line":57,"column":15}},"31":{"start":{"line":59,"column":7},"end":{"line":59,"column":50}},"32":{"start":{"line":61,"column":4},"end":{"line":61,"column":21}},"33":{"start":{"line":4,"column":0},"end":{"line":4,"column":16}}},"fnMap":{"0":{"name":"createStore","decl":{"start":{"line":4,"column":16},"end":{"line":4,"column":27}},"loc":{"start":{"line":4,"column":55},"end":{"line":63,"column":1}}},"1":{"name":"(anonymous_1)","decl":{"start":{"line":12,"column":10},"end":{"line":12,"column":16}},"loc":{"start":{"line":12,"column":10},"end":{"line":12,"column":22}}},"2":{"name":"updateStore","decl":{"start":{"line":15,"column":11},"end":{"line":15,"column":22}},"loc":{"start":{"line":16,"column":65},"end":{"line":23,"column":3}}},"3":{"name":"useStore","decl":{"start":{"line":25,"column":11},"end":{"line":25,"column":19}},"loc":{"start":{"line":25,"column":19},"end":{"line":51,"column":3}}},"4":{"name":"rerender","decl":{"start":{"line":33,"column":13},"end":{"line":33,"column":21}},"loc":{"start":{"line":33,"column":21},"end":{"line":35,"column":5}}},"5":{"name":"(anonymous_5)","decl":{"start":{"line":34,"column":13},"end":{"line":34,"column":19}},"loc":{"start":{"line":34,"column":13},"end":{"line":34,"column":27}}},"6":{"name":"(anonymous_6)","decl":{"start":{"line":34,"column":28},"end":{"line":34,"column":29}},"loc":{"start":{"line":34,"column":29},"end":{"line":34,"column":34}}},"7":{"name":"handleUnload","decl":{"start":{"line":37,"column":13},"end":{"line":37,"column":25}},"loc":{"start":{"line":37,"column":25},"end":{"line":40,"column":5}}},"8":{"name":"(anonymous_8)","decl":{"start":{"line":39,"column":13},"end":{"line":39,"column":19}},"loc":{"start":{"line":39,"column":13},"end":{"line":39,"column":29}}},"9":{"name":"getProxy","decl":{"start":{"line":42,"column":13},"end":{"line":42,"column":21}},"loc":{"start":{"line":42,"column":21},"end":{"line":50,"column":5}}},"10":{"name":"(anonymous_10)","decl":{"start":{"line":44,"column":11},"end":{"line":44,"column":12}},"loc":{"start":{"line":44,"column":41},"end":{"line":47,"column":9}}},"11":{"name":"doUpdate","decl":{"start":{"line":53,"column":11},"end":{"line":53,"column":19}},"loc":{"start":{"line":53,"column":43},"end":{"line":62,"column":3}}},"12":{"name":"(anonymous_12)","decl":{"start":{"line":55,"column":17},"end":{"line":55,"column":20}},"loc":{"start":{"line":55,"column":20},"end":{"line":60,"column":5}}}},"branchMap":{"0":{"loc":{"start":{"line":18,"column":4},"end":{"line":22,"column":null}},"type":"if","locations":[{"start":{"line":18,"column":4},"end":{"line":22,"column":null}},{"start":{"line":20,"column":11},"end":{"line":22,"column":null}}]},"1":{"loc":{"start":{"line":56,"column":6},"end":{"line":58,"column":null}},"type":"if","locations":[{"start":{"line":56,"column":6},"end":{"line":58,"column":null}}]}},"s":{"0":1,"1":1,"2":22,"3":22,"4":22,"5":22,"6":22,"7":22,"8":14,"9":11,"10":1,"11":10,"12":99,"13":99,"14":99,"15":99,"16":99,"17":56,"18":33,"19":33,"20":56,"21":56,"22":56,"23":56,"24":131,"25":131,"26":56,"27":11,"28":11,"29":16,"30":1,"31":15,"32":11,"33":1},"f":{"0":22,"1":14,"2":11,"3":99,"4":56,"5":33,"6":33,"7":56,"8":56,"9":56,"10":131,"11":11,"12":16},"b":{"0":[1,10],"1":[1]}}
,"/home/johnr/code/github/corrib/src/store.ts": {"path":"/home/johnr/code/github/corrib/src/store.ts","statementMap":{"0":{"start":{"line":2,"column":19},"end":{"line":2,"column":51}},"1":{"start":{"line":5,"column":4},"end":{"line":7,"column":null}},"2":{"start":{"line":6,"column":6},"end":{"line":6,"column":36}},"3":{"start":{"line":11,"column":4},"end":{"line":11,"column":19}},"4":{"start":{"line":12,"column":4},"end":{"line":12,"column":31}},"5":{"start":{"line":16,"column":4},"end":{"line":16,"column":44}},"6":{"start":{"line":16,"column":28},"end":{"line":16,"column":43}},"7":{"start":{"line":20,"column":22},"end":{"line":20,"column":41}},"8":{"start":{"line":21,"column":4},"end":{"line":25,"column":7}},"9":{"start":{"line":22,"column":6},"end":{"line":22,"column":21}},"10":{"start":{"line":23,"column":24},"end":{"line":23,"column":64}},"11":{"start":{"line":24,"column":6},"end":{"line":24,"column":49}},"12":{"start":{"line":24,"column":30},"end":{"line":24,"column":48}},"13":{"start":{"line":26,"column":4},"end":{"line":26,"column":56}},"14":{"start":{"line":26,"column":50},"end":{"line":26,"column":55}},"15":{"start":{"line":29,"column":2},"end":{"line":33,"column":4}},"16":{"start":{"line":1,"column":0},"end":{"line":1,"column":16}}},"fnMap":{"0":{"name":"__createStore","decl":{"start":{"line":1,"column":16},"end":{"line":1,"column":29}},"loc":{"start":{"line":1,"column":29},"end":{"line":34,"column":1}}},"1":{"name":"ensureSet","decl":{"start":{"line":4,"column":11},"end":{"line":4,"column":20}},"loc":{"start":{"line":4,"column":33},"end":{"line":8,"column":3}}},"2":{"name":"register","decl":{"start":{"line":10,"column":11},"end":{"line":10,"column":19}},"loc":{"start":{"line":10,"column":45},"end":{"line":13,"column":3}}},"3":{"name":"unregister","decl":{"start":{"line":15,"column":11},"end":{"line":15,"column":21}},"loc":{"start":{"line":15,"column":34},"end":{"line":17,"column":3}}},"4":{"name":"(anonymous_4)","decl":{"start":{"line":16,"column":21},"end":{"line":16,"column":24}},"loc":{"start":{"line":16,"column":24},"end":{"line":16,"column":31}}},"5":{"name":"setUpdated","decl":{"start":{"line":19,"column":11},"end":{"line":19,"column":21}},"loc":{"start":{"line":19,"column":36},"end":{"line":27,"column":3}}},"6":{"name":"(anonymous_6)","decl":{"start":{"line":21,"column":17},"end":{"line":21,"column":20}},"loc":{"start":{"line":21,"column":20},"end":{"line":25,"column":5}}},"7":{"name":"(anonymous_7)","decl":{"start":{"line":24,"column":24},"end":{"line":24,"column":26}},"loc":{"start":{"line":24,"column":26},"end":{"line":24,"column":39}}},"8":{"name":"(anonymous_8)","decl":{"start":{"line":26,"column":44},"end":{"line":26,"column":46}},"loc":{"start":{"line":26,"column":46},"end":{"line":26,"column":52}}}},"branchMap":{"0":{"loc":{"start":{"line":5,"column":4},"end":{"line":7,"column":null}},"type":"if","locations":[{"start":{"line":5,"column":4},"end":{"line":7,"column":null}}]}},"s":{"0":27,"1":163,"2":41,"3":139,"4":139,"5":57,"6":160,"7":16,"8":16,"9":24,"10":24,"11":24,"12":44,"13":16,"14":38,"15":27,"16":2},"f":{"0":27,"1":163,"2":139,"3":57,"4":160,"5":16,"6":24,"7":44,"8":38},"b":{"0":[41]}}
}
