{"total": {"lines":{"total":52,"covered":51,"skipped":0,"pct":98.07},"statements":{"total":59,"covered":58,"skipped":0,"pct":98.3},"functions":{"total":23,"covered":21,"skipped":0,"pct":91.3},"branches":{"total":7,"covered":7,"skipped":0,"pct":100},"branchesTrue":{"total":0,"covered":0,"skipped":0,"pct":"Unknown"}}
,"/home/john/code/outer-state/src/index.tsx": {"lines":{"total":37,"covered":36,"skipped":0,"pct":97.29},"functions":{"total":13,"covered":11,"skipped":0,"pct":84.61},"statements":{"total":41,"covered":40,"skipped":0,"pct":97.56},"branches":{"total":6,"covered":6,"skipped":0,"pct":100}}
,"/home/john/code/outer-state/src/store.ts": {"lines":{"total":15,"covered":15,"skipped":0,"pct":100},"functions":{"total":10,"covered":10,"skipped":0,"pct":100},"statements":{"total":18,"covered":18,"skipped":0,"pct":100},"branches":{"total":1,"covered":1,"skipped":0,"pct":100}}
}
