{"total": {"lines":{"total":47,"covered":46,"skipped":0,"pct":97.87},"statements":{"total":54,"covered":53,"skipped":0,"pct":98.14},"functions":{"total":22,"covered":20,"skipped":0,"pct":90.9},"branches":{"total":4,"covered":4,"skipped":0,"pct":100},"branchesTrue":{"total":0,"covered":0,"skipped":0,"pct":"Unknown"}}
,"/home/johnr/code/github/corrib/src/index.tsx": {"lines":{"total":32,"covered":31,"skipped":0,"pct":96.87},"functions":{"total":12,"covered":10,"skipped":0,"pct":83.33},"statements":{"total":36,"covered":35,"skipped":0,"pct":97.22},"branches":{"total":3,"covered":3,"skipped":0,"pct":100}}
,"/home/johnr/code/github/corrib/src/store.ts": {"lines":{"total":15,"covered":15,"skipped":0,"pct":100},"functions":{"total":10,"covered":10,"skipped":0,"pct":100},"statements":{"total":18,"covered":18,"skipped":0,"pct":100},"branches":{"total":1,"covered":1,"skipped":0,"pct":100}}
}
