TN:
SF:src/index.tsx
FN:4,createStore
FN:12,(anonymous_1)
FN:15,updateStore
FN:25,useStore
FN:33,rerender
FN:34,(anonymous_5)
FN:34,(anonymous_6)
FN:37,handleUnload
FN:39,(anonymous_8)
FN:42,getProxy
FN:44,(anonymous_10)
FN:53,doUpdate
FN:55,(anonymous_12)
FNF:13
FNH:13
FNDA:22,createStore
FNDA:14,(anonymous_1)
FNDA:11,updateStore
FNDA:99,useStore
FNDA:56,rerender
FNDA:33,(anonymous_5)
FNDA:33,(anonymous_6)
FNDA:56,handleUnload
FNDA:56,(anonymous_8)
FNDA:56,getProxy
FNDA:131,(anonymous_10)
FNDA:11,doUpdate
FNDA:16,(anonymous_12)
DA:1,1
DA:2,1
DA:4,1
DA:5,22
DA:7,22
DA:9,22
DA:12,14
DA:18,11
DA:19,1
DA:21,10
DA:26,99
DA:28,99
DA:29,99
DA:31,99
DA:34,56
DA:38,56
DA:39,56
DA:43,56
DA:45,131
DA:46,131
DA:49,56
DA:54,11
DA:55,11
DA:56,16
DA:57,1
DA:59,15
DA:61,11
LF:27
LH:27
BRDA:18,0,0,1
BRDA:18,0,1,10
BRDA:56,1,0,1
BRF:3
BRH:3
end_of_record
TN:
SF:src/store.ts
FN:1,__createStore
FN:4,ensureSet
FN:10,register
FN:15,unregister
FN:16,(anonymous_4)
FN:19,setUpdated
FN:21,(anonymous_6)
FN:24,(anonymous_7)
FN:26,(anonymous_8)
FNF:9
FNH:9
FNDA:27,__createStore
FNDA:163,ensureSet
FNDA:139,register
FNDA:57,unregister
FNDA:160,(anonymous_4)
FNDA:16,setUpdated
FNDA:24,(anonymous_6)
FNDA:44,(anonymous_7)
FNDA:38,(anonymous_8)
DA:1,2
DA:2,27
DA:5,163
DA:6,41
DA:11,139
DA:12,139
DA:16,160
DA:20,16
DA:21,16
DA:22,24
DA:23,24
DA:24,44
DA:26,38
DA:29,27
LF:14
LH:14
BRDA:5,0,0,41
BRF:1
BRH:1
end_of_record
